<?xml version="1.0" encoding="UTF-8"?>
<!-- Generated by org.testng.reporters.JUnitReportReporter -->
<testsuite hostname="USRIRILP00162" name="TestCases.loginTest" tests="1" failures="0" timestamp="8 Feb 2016 22:23:09 GMT" time="6.904" errors="0">
  <testcase name="login" time="6.904" classname="TestCases.loginTest"/>
</testsuite> <!-- TestCases.loginTest -->
