<?xml version="1.0" encoding="UTF-8"?>
<!-- Generated by org.testng.reporters.JUnitReportReporter -->
<testsuite hostname="USRIRILP00162" name="TestCases.homePageTest" tests="3" failures="0" timestamp="8 Feb 2016 22:23:09 GMT" time="16.889" errors="0">
  <testcase name="testNewCustLinks" time="5.865" classname="TestCases.homePageTest"/>
  <testcase name="testEditCustLinks" time="5.354" classname="TestCases.homePageTest"/>
  <testcase name="testdeleteCustLinks" time="5.670" classname="TestCases.homePageTest"/>
</testsuite> <!-- TestCases.homePageTest -->
